# JRE version: OpenJDK Runtime Environment (17.0.11) (build 17.0.11+0--11852314)
# Java VM: OpenJDK 64-Bit Server VM (17.0.11+0--11852314, mixed mode, tiered, compressed oops, compressed class ptrs, g1 gc, windows-amd64)
GC Precious Log:
 CPUs: 8 total, 8 available
 Memory: 7930M
 Large Page Support: Disabled
 NUMA Support: Disabled
 Compressed Oops: Enabled (32-bit)
 Heap Region Size: 1M
 Heap Min Capacity: 8M
 Heap Initial Capacity: 124M
 Heap Max Capacity: 2G
 Pre-touch: Disabled
 Parallel Workers: 8
 Concurrent Workers: 2
 Concurrent Refinement Workers: 8
 Periodic GC: Disabled
Heap:
 garbage-first heap   total 379904K, used 163075K [0x0000000080000000, 0x0000000100000000)
  region size 1024K, 18 young (18432K), 18 survivors (18432K)
 Metaspace       used 117140K, committed 117952K, reserved 1179648K
  class space    used 16254K, committed 16640K, reserved 1048576K
GC Heap History (20 events):
Event: 18.437 GC heap after
{Heap after GC invocations=53 (full 0):
 garbage-first heap   total 316416K, used 147244K [0x0000000080000000, 0x0000000100000000)
  region size 1024K, 6 young (6144K), 6 survivors (6144K)
 Metaspace       used 114743K, committed 115520K, reserved 1179648K
  class space    used 15902K, committed 16256K, reserved 1048576K
}
Event: 18.809 GC heap before
{Heap before GC invocations=53 (full 0):
 garbage-first heap   total 316416K, used 277292K [0x0000000080000000, 0x0000000100000000)
  region size 1024K, 133 young (136192K), 6 survivors (6144K)
 Metaspace       used 114779K, committed 115520K, reserved 1179648K
  class space    used 15905K, committed 16256K, reserved 1048576K
}
Event: 18.817 GC heap after
{Heap after GC invocations=54 (full 0):
 garbage-first heap   total 316416K, used 147364K [0x0000000080000000, 0x0000000100000000)
  region size 1024K, 6 young (6144K), 6 survivors (6144K)
 Metaspace       used 114779K, committed 115520K, reserved 1179648K
  class space    used 15905K, committed 16256K, reserved 1048576K
}
Event: 19.146 GC heap before
{Heap before GC invocations=54 (full 0):
 garbage-first heap   total 316416K, used 277412K [0x0000000080000000, 0x0000000100000000)
  region size 1024K, 133 young (136192K), 6 survivors (6144K)
 Metaspace       used 114792K, committed 115584K, reserved 1179648K
  class space    used 15905K, committed 16256K, reserved 1048576K
}
Event: 19.154 GC heap after
{Heap after GC invocations=55 (full 0):
 garbage-first heap   total 316416K, used 148162K [0x0000000080000000, 0x0000000100000000)
  region size 1024K, 7 young (7168K), 7 survivors (7168K)
 Metaspace       used 114792K, committed 115584K, reserved 1179648K
  class space    used 15905K, committed 16256K, reserved 1048576K
}
Event: 19.523 GC heap before
{Heap before GC invocations=55 (full 0):
 garbage-first heap   total 316416K, used 276162K [0x0000000080000000, 0x0000000100000000)
  region size 1024K, 132 young (135168K), 7 survivors (7168K)
 Metaspace       used 114832K, committed 115584K, reserved 1179648K
  class space    used 15908K, committed 16256K, reserved 1048576K
}
Event: 19.534 GC heap after
{Heap after GC invocations=56 (full 0):
 garbage-first heap   total 316416K, used 148796K [0x0000000080000000, 0x0000000100000000)
  region size 1024K, 7 young (7168K), 7 survivors (7168K)
 Metaspace       used 114832K, committed 115584K, reserved 1179648K
  class space    used 15908K, committed 16256K, reserved 1048576K
}
Event: 19.903 GC heap before
{Heap before GC invocations=56 (full 0):
 garbage-first heap   total 316416K, used 276796K [0x0000000080000000, 0x0000000100000000)
  region size 1024K, 132 young (135168K), 7 survivors (7168K)
 Metaspace       used 114860K, committed 115584K, reserved 1179648K
  class space    used 15909K, committed 16256K, reserved 1048576K
}
Event: 19.913 GC heap after
{Heap after GC invocations=57 (full 0):
 garbage-first heap   total 316416K, used 149820K [0x0000000080000000, 0x0000000100000000)
  region size 1024K, 8 young (8192K), 8 survivors (8192K)
 Metaspace       used 114860K, committed 115584K, reserved 1179648K
  class space    used 15909K, committed 16256K, reserved 1048576K
}
Event: 20.298 GC heap before
{Heap before GC invocations=57 (full 0):
 garbage-first heap   total 316416K, used 275772K [0x0000000080000000, 0x0000000100000000)
  region size 1024K, 131 young (134144K), 8 survivors (8192K)
 Metaspace       used 114887K, committed 115712K, reserved 1179648K
  class space    used 15911K, committed 16320K, reserved 1048576K
}
Event: 20.310 GC heap after
{Heap after GC invocations=58 (full 0):
 garbage-first heap   total 379904K, used 150343K [0x0000000080000000, 0x0000000100000000)
  region size 1024K, 8 young (8192K), 8 survivors (8192K)
 Metaspace       used 114887K, committed 115712K, reserved 1179648K
  class space    used 15911K, committed 16320K, reserved 1048576K
}
Event: 21.494 GC heap before
{Heap before GC invocations=58 (full 0):
 garbage-first heap   total 379904K, used 330567K [0x0000000080000000, 0x0000000100000000)
  region size 1024K, 185 young (189440K), 8 survivors (8192K)
 Metaspace       used 114894K, committed 115712K, reserved 1179648K
  class space    used 15911K, committed 16320K, reserved 1048576K
}
Event: 21.515 GC heap after
{Heap after GC invocations=59 (full 0):
 garbage-first heap   total 379904K, used 151072K [0x0000000080000000, 0x0000000100000000)
  region size 1024K, 9 young (9216K), 9 survivors (9216K)
 Metaspace       used 114894K, committed 115712K, reserved 1179648K
  class space    used 15911K, committed 16320K, reserved 1048576K
}
Event: 22.095 GC heap before
{Heap before GC invocations=59 (full 0):
 garbage-first heap   total 379904K, used 292384K [0x0000000080000000, 0x0000000100000000)
  region size 1024K, 148 young (151552K), 9 survivors (9216K)
 Metaspace       used 115708K, committed 116480K, reserved 1179648K
  class space    used 16056K, committed 16448K, reserved 1048576K
}
Event: 22.121 GC heap after
{Heap after GC invocations=60 (full 0):
 garbage-first heap   total 379904K, used 152839K [0x0000000080000000, 0x0000000100000000)
  region size 1024K, 10 young (10240K), 10 survivors (10240K)
 Metaspace       used 115708K, committed 116480K, reserved 1179648K
  class space    used 16056K, committed 16448K, reserved 1048576K
}
Event: 24.002 GC heap before
{Heap before GC invocations=61 (full 0):
 garbage-first heap   total 379904K, used 332039K [0x0000000080000000, 0x0000000100000000)
  region size 1024K, 183 young (187392K), 10 survivors (10240K)
 Metaspace       used 116994K, committed 117824K, reserved 1179648K
  class space    used 16235K, committed 16640K, reserved 1048576K
}
Event: 24.033 GC heap after
{Heap after GC invocations=62 (full 0):
 garbage-first heap   total 379904K, used 156095K [0x0000000080000000, 0x0000000100000000)
  region size 1024K, 11 young (11264K), 11 survivors (11264K)
 Metaspace       used 116994K, committed 117824K, reserved 1179648K
  class space    used 16235K, committed 16640K, reserved 1048576K
}
Event: 24.082 GC heap before
{Heap before GC invocations=62 (full 0):
 garbage-first heap   total 379904K, used 163263K [0x0000000080000000, 0x0000000100000000)
  region size 1024K, 18 young (18432K), 11 survivors (11264K)
 Metaspace       used 117019K, committed 117824K, reserved 1179648K
  class space    used 16240K, committed 16640K, reserved 1048576K
}
Event: 24.095 GC heap after
{Heap after GC invocations=63 (full 0):
 garbage-first heap   total 379904K, used 146472K [0x0000000080000000, 0x0000000100000000)
  region size 1024K, 2 young (2048K), 2 survivors (2048K)
 Metaspace       used 117019K, committed 117824K, reserved 1179648K
  class space    used 16240K, committed 16640K, reserved 1048576K
}
Event: 24.710 GC heap before
{Heap before GC invocations=63 (full 0):
 garbage-first heap   total 379904K, used 330792K [0x0000000080000000, 0x0000000100000000)
  region size 1024K, 183 young (187392K), 2 survivors (2048K)
 Metaspace       used 117140K, committed 117952K, reserved 1179648K
  class space    used 16254K, committed 16640K, reserved 1048576K
}

