# JRE version: OpenJDK Runtime Environment (17.0.11) (build 17.0.11+0--11852314)
# Java VM: OpenJDK 64-Bit Server VM (17.0.11+0--11852314, mixed mode, tiered, compressed oops, compressed class ptrs, g1 gc, windows-amd64)
GC Precious Log:
 CPUs: 8 total, 8 available
 Memory: 7930M
 Large Page Support: Disabled
 NUMA Support: Disabled
 Compressed Oops: Enabled (32-bit)
 Heap Region Size: 1M
 Heap Min Capacity: 8M
 Heap Initial Capacity: 124M
 Heap Max Capacity: 2G
 Pre-touch: Disabled
 Parallel Workers: 8
 Concurrent Workers: 2
 Concurrent Refinement Workers: 8
 Periodic GC: Disabled
Heap:
 garbage-first heap   total 482304K, used 417159K [0x0000000080000000, 0x0000000100000000)
  region size 1024K, 221 young (226304K), 8 survivors (8192K)
 Metaspace       used 122149K, committed 122944K, reserved 1179648K
  class space    used 16877K, committed 17280K, reserved 1048576K
GC Heap History (20 events):
Event: 34.548 GC heap before
{Heap before GC invocations=62 (full 0):
 garbage-first heap   total 482304K, used 413255K [0x0000000080000000, 0x0000000100000000)
  region size 1024K, 246 young (251904K), 16 survivors (16384K)
 Metaspace       used 121963K, committed 122816K, reserved 1179648K
  class space    used 16873K, committed 17280K, reserved 1048576K
}
Event: 34.568 GC heap after
{Heap after GC invocations=63 (full 0):
 garbage-first heap   total 482304K, used 187270K [0x0000000080000000, 0x0000000100000000)
  region size 1024K, 25 young (25600K), 25 survivors (25600K)
 Metaspace       used 121963K, committed 122816K, reserved 1179648K
  class space    used 16873K, committed 17280K, reserved 1048576K
}
Event: 35.928 GC heap before
{Heap before GC invocations=63 (full 0):
 garbage-first heap   total 482304K, used 406406K [0x0000000080000000, 0x0000000100000000)
  region size 1024K, 239 young (244736K), 25 survivors (25600K)
 Metaspace       used 122001K, committed 122816K, reserved 1179648K
  class space    used 16873K, committed 17280K, reserved 1048576K
}
Event: 35.962 GC heap after
{Heap after GC invocations=64 (full 0):
 garbage-first heap   total 482304K, used 197038K [0x0000000080000000, 0x0000000100000000)
  region size 1024K, 25 young (25600K), 25 survivors (25600K)
 Metaspace       used 122001K, committed 122816K, reserved 1179648K
  class space    used 16873K, committed 17280K, reserved 1048576K
}
Event: 37.764 GC heap before
{Heap before GC invocations=64 (full 0):
 garbage-first heap   total 482304K, used 407982K [0x0000000080000000, 0x0000000100000000)
  region size 1024K, 229 young (234496K), 25 survivors (25600K)
 Metaspace       used 122030K, committed 122816K, reserved 1179648K
  class space    used 16873K, committed 17280K, reserved 1048576K
}
Event: 37.787 GC heap after
{Heap after GC invocations=65 (full 0):
 garbage-first heap   total 482304K, used 196250K [0x0000000080000000, 0x0000000100000000)
  region size 1024K, 12 young (12288K), 12 survivors (12288K)
 Metaspace       used 122030K, committed 122816K, reserved 1179648K
  class space    used 16873K, committed 17280K, reserved 1048576K
}
Event: 39.022 GC heap before
{Heap before GC invocations=65 (full 0):
 garbage-first heap   total 482304K, used 410266K [0x0000000080000000, 0x0000000100000000)
  region size 1024K, 221 young (226304K), 12 survivors (12288K)
 Metaspace       used 122036K, committed 122880K, reserved 1179648K
  class space    used 16873K, committed 17280K, reserved 1048576K
}
Event: 39.039 GC heap after
{Heap after GC invocations=66 (full 0):
 garbage-first heap   total 482304K, used 196204K [0x0000000080000000, 0x0000000100000000)
  region size 1024K, 12 young (12288K), 12 survivors (12288K)
 Metaspace       used 122036K, committed 122880K, reserved 1179648K
  class space    used 16873K, committed 17280K, reserved 1048576K
}
Event: 40.096 GC heap before
{Heap before GC invocations=66 (full 0):
 garbage-first heap   total 482304K, used 414316K [0x0000000080000000, 0x0000000100000000)
  region size 1024K, 225 young (230400K), 12 survivors (12288K)
 Metaspace       used 122042K, committed 122880K, reserved 1179648K
  class space    used 16873K, committed 17280K, reserved 1048576K
}
Event: 40.109 GC heap after
{Heap after GC invocations=67 (full 0):
 garbage-first heap   total 482304K, used 196818K [0x0000000080000000, 0x0000000100000000)
  region size 1024K, 13 young (13312K), 13 survivors (13312K)
 Metaspace       used 122042K, committed 122880K, reserved 1179648K
  class space    used 16873K, committed 17280K, reserved 1048576K
}
Event: 40.877 GC heap before
{Heap before GC invocations=67 (full 0):
 garbage-first heap   total 482304K, used 416978K [0x0000000080000000, 0x0000000100000000)
  region size 1024K, 228 young (233472K), 13 survivors (13312K)
 Metaspace       used 122051K, committed 122880K, reserved 1179648K
  class space    used 16873K, committed 17280K, reserved 1048576K
}
Event: 40.896 GC heap after
{Heap after GC invocations=68 (full 0):
 garbage-first heap   total 482304K, used 197567K [0x0000000080000000, 0x0000000100000000)
  region size 1024K, 14 young (14336K), 14 survivors (14336K)
 Metaspace       used 122051K, committed 122880K, reserved 1179648K
  class space    used 16873K, committed 17280K, reserved 1048576K
}
Event: 42.338 GC heap before
{Heap before GC invocations=68 (full 0):
 garbage-first heap   total 482304K, used 416703K [0x0000000080000000, 0x0000000100000000)
  region size 1024K, 229 young (234496K), 14 survivors (14336K)
 Metaspace       used 122058K, committed 122880K, reserved 1179648K
  class space    used 16873K, committed 17280K, reserved 1048576K
}
Event: 42.360 GC heap after
{Heap after GC invocations=69 (full 0):
 garbage-first heap   total 482304K, used 199761K [0x0000000080000000, 0x0000000100000000)
  region size 1024K, 16 young (16384K), 16 survivors (16384K)
 Metaspace       used 122058K, committed 122880K, reserved 1179648K
  class space    used 16873K, committed 17280K, reserved 1048576K
}
Event: 43.311 GC heap before
{Heap before GC invocations=69 (full 0):
 garbage-first heap   total 482304K, used 416849K [0x0000000080000000, 0x0000000100000000)
  region size 1024K, 227 young (232448K), 16 survivors (16384K)
 Metaspace       used 122066K, committed 122880K, reserved 1179648K
  class space    used 16873K, committed 17280K, reserved 1048576K
}
Event: 43.333 GC heap after
{Heap after GC invocations=70 (full 0):
 garbage-first heap   total 482304K, used 199066K [0x0000000080000000, 0x0000000100000000)
  region size 1024K, 7 young (7168K), 7 survivors (7168K)
 Metaspace       used 122066K, committed 122880K, reserved 1179648K
  class space    used 16873K, committed 17280K, reserved 1048576K
}
Event: 44.120 GC heap before
{Heap before GC invocations=70 (full 0):
 garbage-first heap   total 482304K, used 421274K [0x0000000080000000, 0x0000000100000000)
  region size 1024K, 224 young (229376K), 7 survivors (7168K)
 Metaspace       used 122081K, committed 122880K, reserved 1179648K
  class space    used 16873K, committed 17280K, reserved 1048576K
}
Event: 44.130 GC heap after
{Heap after GC invocations=71 (full 0):
 garbage-first heap   total 482304K, used 199623K [0x0000000080000000, 0x0000000100000000)
  region size 1024K, 7 young (7168K), 7 survivors (7168K)
 Metaspace       used 122081K, committed 122880K, reserved 1179648K
  class space    used 16873K, committed 17280K, reserved 1048576K
}
Event: 45.005 GC heap before
{Heap before GC invocations=71 (full 0):
 garbage-first heap   total 482304K, used 422855K [0x0000000080000000, 0x0000000100000000)
  region size 1024K, 225 young (230400K), 7 survivors (7168K)
 Metaspace       used 122092K, committed 122944K, reserved 1179648K
  class space    used 16876K, committed 17280K, reserved 1048576K
}
Event: 45.019 GC heap after
{Heap after GC invocations=72 (full 0):
 garbage-first heap   total 482304K, used 200071K [0x0000000080000000, 0x0000000100000000)
  region size 1024K, 8 young (8192K), 8 survivors (8192K)
 Metaspace       used 122092K, committed 122944K, reserved 1179648K
  class space    used 16876K, committed 17280K, reserved 1048576K
}

